running develop
running egg_info
creating car_pkg.egg-info
writing car_pkg.egg-info/PKG-INFO
writing dependency_links to car_pkg.egg-info/dependency_links.txt
writing entry points to car_pkg.egg-info/entry_points.txt
writing requirements to car_pkg.egg-info/requires.txt
writing top-level names to car_pkg.egg-info/top_level.txt
writing manifest file 'car_pkg.egg-info/SOURCES.txt'
reading manifest file 'car_pkg.egg-info/SOURCES.txt'
writing manifest file 'car_pkg.egg-info/SOURCES.txt'
running build_ext
Creating /home/balsito/Desktop/ros2_ws/install/car_pkg/lib/python3.12/site-packages/car-pkg.egg-link (link to .)
Installing car_controller script to /home/balsito/Desktop/ros2_ws/install/car_pkg/lib/car_pkg
Installing lane_controller script to /home/balsito/Desktop/ros2_ws/install/car_pkg/lib/car_pkg
Installing sign_detector script to /home/balsito/Desktop/ros2_ws/install/car_pkg/lib/car_pkg

Installed /home/balsito/Desktop/ros2_ws/build/car_pkg
running symlink_data
creating /home/balsito/Desktop/ros2_ws/install/car_pkg/share/ament_index
creating /home/balsito/Desktop/ros2_ws/install/car_pkg/share/ament_index/resource_index
creating /home/balsito/Desktop/ros2_ws/install/car_pkg/share/ament_index/resource_index/packages
symbolically linking /home/balsito/Desktop/ros2_ws/build/car_pkg/resource/car_pkg -> /home/balsito/Desktop/ros2_ws/install/car_pkg/share/ament_index/resource_index/packages
symbolically linking /home/balsito/Desktop/ros2_ws/build/car_pkg/package.xml -> /home/balsito/Desktop/ros2_ws/install/car_pkg/share/car_pkg
creating /home/balsito/Desktop/ros2_ws/install/car_pkg/share/car_pkg/launch
symbolically linking /home/balsito/Desktop/ros2_ws/build/car_pkg/launch/robot_launch.py -> /home/balsito/Desktop/ros2_ws/install/car_pkg/share/car_pkg/launch
creating /home/balsito/Desktop/ros2_ws/install/car_pkg/share/car_pkg/world
symbolically linking /home/balsito/Desktop/ros2_ws/build/car_pkg/world/city_traffic.wbt -> /home/balsito/Desktop/ros2_ws/install/car_pkg/share/car_pkg/world
creating /home/balsito/Desktop/ros2_ws/install/car_pkg/share/car_pkg/resource
symbolically linking /home/balsito/Desktop/ros2_ws/build/car_pkg/resource/speed_65.png -> /home/balsito/Desktop/ros2_ws/install/car_pkg/share/car_pkg/resource
symbolically linking /home/balsito/Desktop/ros2_ws/build/car_pkg/resource/speed_55.jpg -> /home/balsito/Desktop/ros2_ws/install/car_pkg/share/car_pkg/resource
symbolically linking /home/balsito/Desktop/ros2_ws/build/car_pkg/resource/car.urdf -> /home/balsito/Desktop/ros2_ws/install/car_pkg/share/car_pkg/resource
symbolically linking /home/balsito/Desktop/ros2_ws/build/car_pkg/resource/stop.png -> /home/balsito/Desktop/ros2_ws/install/car_pkg/share/car_pkg/resource
symbolically linking /home/balsito/Desktop/ros2_ws/build/car_pkg/resource/yield.png -> /home/balsito/Desktop/ros2_ws/install/car_pkg/share/car_pkg/resource
