[1.325s] Invoking command in '/home/balsito/Desktop/ros2_ws/build/car_pkg': PYTHONPATH=/home/balsito/Desktop/ros2_ws/build/car_pkg/prefix_override:/usr/lib/python3/dist-packages/colcon_core/task/python/colcon_distutils_commands:/home/balsito/Desktop/ros2_ws/install/car_pkg/lib/python3.12/site-packages:${PYTHONPATH} VIRTUAL_ENV_PROMPT=(.venv) /usr/bin/python3 -W ignore:setup.py install is deprecated -W ignore:easy_install command is deprecated setup.py develop --editable --build-directory /home/balsito/Desktop/ros2_ws/build/car_pkg/build --no-deps symlink_data
[1.785s] running develop
[2.116s] running egg_info
[2.116s] creating car_pkg.egg-info
[2.149s] writing car_pkg.egg-info/PKG-INFO
[2.149s] writing dependency_links to car_pkg.egg-info/dependency_links.txt
[2.150s] writing entry points to car_pkg.egg-info/entry_points.txt
[2.150s] writing requirements to car_pkg.egg-info/requires.txt
[2.150s] writing top-level names to car_pkg.egg-info/top_level.txt
[2.150s] writing manifest file 'car_pkg.egg-info/SOURCES.txt'
[2.215s] reading manifest file 'car_pkg.egg-info/SOURCES.txt'
[2.215s] writing manifest file 'car_pkg.egg-info/SOURCES.txt'
[2.250s] running build_ext
[2.250s] Creating /home/balsito/Desktop/ros2_ws/install/car_pkg/lib/python3.12/site-packages/car-pkg.egg-link (link to .)
[2.251s] Installing car_controller script to /home/balsito/Desktop/ros2_ws/install/car_pkg/lib/car_pkg
[2.251s] Installing lane_controller script to /home/balsito/Desktop/ros2_ws/install/car_pkg/lib/car_pkg
[2.251s] Installing sign_detector script to /home/balsito/Desktop/ros2_ws/install/car_pkg/lib/car_pkg
[2.251s] 
[2.251s] Installed /home/balsito/Desktop/ros2_ws/build/car_pkg
[2.251s] running symlink_data
[2.252s] creating /home/balsito/Desktop/ros2_ws/install/car_pkg/share/ament_index
[2.252s] creating /home/balsito/Desktop/ros2_ws/install/car_pkg/share/ament_index/resource_index
[2.252s] creating /home/balsito/Desktop/ros2_ws/install/car_pkg/share/ament_index/resource_index/packages
[2.252s] symbolically linking /home/balsito/Desktop/ros2_ws/build/car_pkg/resource/car_pkg -> /home/balsito/Desktop/ros2_ws/install/car_pkg/share/ament_index/resource_index/packages
[2.252s] symbolically linking /home/balsito/Desktop/ros2_ws/build/car_pkg/package.xml -> /home/balsito/Desktop/ros2_ws/install/car_pkg/share/car_pkg
[2.252s] creating /home/balsito/Desktop/ros2_ws/install/car_pkg/share/car_pkg/launch
[2.252s] symbolically linking /home/balsito/Desktop/ros2_ws/build/car_pkg/launch/robot_launch.py -> /home/balsito/Desktop/ros2_ws/install/car_pkg/share/car_pkg/launch
[2.253s] creating /home/balsito/Desktop/ros2_ws/install/car_pkg/share/car_pkg/world
[2.253s] symbolically linking /home/balsito/Desktop/ros2_ws/build/car_pkg/world/city_traffic.wbt -> /home/balsito/Desktop/ros2_ws/install/car_pkg/share/car_pkg/world
[2.253s] creating /home/balsito/Desktop/ros2_ws/install/car_pkg/share/car_pkg/resource
[2.253s] symbolically linking /home/balsito/Desktop/ros2_ws/build/car_pkg/resource/speed_65.png -> /home/balsito/Desktop/ros2_ws/install/car_pkg/share/car_pkg/resource
[2.253s] symbolically linking /home/balsito/Desktop/ros2_ws/build/car_pkg/resource/speed_55.jpg -> /home/balsito/Desktop/ros2_ws/install/car_pkg/share/car_pkg/resource
[2.253s] symbolically linking /home/balsito/Desktop/ros2_ws/build/car_pkg/resource/car.urdf -> /home/balsito/Desktop/ros2_ws/install/car_pkg/share/car_pkg/resource
[2.254s] symbolically linking /home/balsito/Desktop/ros2_ws/build/car_pkg/resource/stop.png -> /home/balsito/Desktop/ros2_ws/install/car_pkg/share/car_pkg/resource
[2.254s] symbolically linking /home/balsito/Desktop/ros2_ws/build/car_pkg/resource/yield.png -> /home/balsito/Desktop/ros2_ws/install/car_pkg/share/car_pkg/resource
[2.297s] Invoked command in '/home/balsito/Desktop/ros2_ws/build/car_pkg' returned '0': PYTHONPATH=/home/balsito/Desktop/ros2_ws/build/car_pkg/prefix_override:/usr/lib/python3/dist-packages/colcon_core/task/python/colcon_distutils_commands:/home/balsito/Desktop/ros2_ws/install/car_pkg/lib/python3.12/site-packages:${PYTHONPATH} VIRTUAL_ENV_PROMPT=(.venv) /usr/bin/python3 -W ignore:setup.py install is deprecated -W ignore:easy_install command is deprecated setup.py develop --editable --build-directory /home/balsito/Desktop/ros2_ws/build/car_pkg/build --no-deps symlink_data
