/home/vboxuser/Downloads/ros2_ws/install/car_pkg/lib/python3.12/site-packages/car_pkg/__init__.py
/home/vboxuser/Downloads/ros2_ws/install/car_pkg/lib/python3.12/site-packages/car_pkg/sign_detector.py
/home/vboxuser/Downloads/ros2_ws/install/car_pkg/lib/python3.12/site-packages/car_pkg/lane_controller.py
/home/vboxuser/Downloads/ros2_ws/install/car_pkg/lib/python3.12/site-packages/car_pkg/car_controller.py
/home/vboxuser/Downloads/ros2_ws/install/car_pkg/lib/python3.12/site-packages/car_pkg/__pycache__/__init__.cpython-312.pyc
/home/vboxuser/Downloads/ros2_ws/install/car_pkg/lib/python3.12/site-packages/car_pkg/__pycache__/sign_detector.cpython-312.pyc
/home/vboxuser/Downloads/ros2_ws/install/car_pkg/lib/python3.12/site-packages/car_pkg/__pycache__/lane_controller.cpython-312.pyc
/home/vboxuser/Downloads/ros2_ws/install/car_pkg/lib/python3.12/site-packages/car_pkg/__pycache__/car_controller.cpython-312.pyc
/home/vboxuser/Downloads/ros2_ws/install/car_pkg/share/ament_index/resource_index/packages/car_pkg
/home/vboxuser/Downloads/ros2_ws/install/car_pkg/share/car_pkg/package.xml
/home/vboxuser/Downloads/ros2_ws/install/car_pkg/share/car_pkg/launch/robot_launch.py
/home/vboxuser/Downloads/ros2_ws/install/car_pkg/share/car_pkg/world/city_traffic.wbt
/home/vboxuser/Downloads/ros2_ws/install/car_pkg/share/car_pkg/resource/speed_65.png
/home/vboxuser/Downloads/ros2_ws/install/car_pkg/share/car_pkg/resource/speed_55.jpg
/home/vboxuser/Downloads/ros2_ws/install/car_pkg/share/car_pkg/resource/stop.png
/home/vboxuser/Downloads/ros2_ws/install/car_pkg/share/car_pkg/resource/yield.png
/home/vboxuser/Downloads/ros2_ws/install/car_pkg/share/car_pkg/resource/car.urdf
/home/vboxuser/Downloads/ros2_ws/install/car_pkg/lib/python3.12/site-packages/car_pkg-0.0.1-py3.12.egg-info/zip-safe
/home/vboxuser/Downloads/ros2_ws/install/car_pkg/lib/python3.12/site-packages/car_pkg-0.0.1-py3.12.egg-info/SOURCES.txt
/home/vboxuser/Downloads/ros2_ws/install/car_pkg/lib/python3.12/site-packages/car_pkg-0.0.1-py3.12.egg-info/PKG-INFO
/home/vboxuser/Downloads/ros2_ws/install/car_pkg/lib/python3.12/site-packages/car_pkg-0.0.1-py3.12.egg-info/dependency_links.txt
/home/vboxuser/Downloads/ros2_ws/install/car_pkg/lib/python3.12/site-packages/car_pkg-0.0.1-py3.12.egg-info/requires.txt
/home/vboxuser/Downloads/ros2_ws/install/car_pkg/lib/python3.12/site-packages/car_pkg-0.0.1-py3.12.egg-info/entry_points.txt
/home/vboxuser/Downloads/ros2_ws/install/car_pkg/lib/python3.12/site-packages/car_pkg-0.0.1-py3.12.egg-info/top_level.txt
/home/vboxuser/Downloads/ros2_ws/install/car_pkg/lib/car_pkg/car_controller
/home/vboxuser/Downloads/ros2_ws/install/car_pkg/lib/car_pkg/lane_controller
/home/vboxuser/Downloads/ros2_ws/install/car_pkg/lib/car_pkg/sign_detector
