[1.857s] Invoking command in '/home/vboxuser/Downloads/ros2_ws/src/car_pkg': DEBUGINFOD_URLS=https://debuginfod.ubuntu.com PYTHONPATH=/home/vboxuser/Downloads/ros2_ws/build/car_pkg/prefix_override:/usr/lib/python3/dist-packages/colcon_core/task/python/colcon_distutils_commands:/home/vboxuser/Downloads/ros2_ws/install/car_pkg/lib/python3.12/site-packages:${PYTHONPATH} /usr/bin/python3 -W ignore:setup.py install is deprecated -W ignore:easy_install command is deprecated setup.py egg_info --egg-base ../../build/car_pkg build --build-base /home/vboxuser/Downloads/ros2_ws/build/car_pkg/build install --record /home/vboxuser/Downloads/ros2_ws/build/car_pkg/install.log --single-version-externally-managed install_data
[2.125s] running egg_info
[2.155s] writing ../../build/car_pkg/car_pkg.egg-info/PKG-INFO
[2.158s] writing dependency_links to ../../build/car_pkg/car_pkg.egg-info/dependency_links.txt
[2.158s] writing entry points to ../../build/car_pkg/car_pkg.egg-info/entry_points.txt
[2.159s] writing requirements to ../../build/car_pkg/car_pkg.egg-info/requires.txt
[2.159s] writing top-level names to ../../build/car_pkg/car_pkg.egg-info/top_level.txt
[2.204s] reading manifest file '../../build/car_pkg/car_pkg.egg-info/SOURCES.txt'
[2.206s] writing manifest file '../../build/car_pkg/car_pkg.egg-info/SOURCES.txt'
[2.206s] running build
[2.206s] running build_py
[2.208s] running install
[2.214s] running install_lib
[2.243s] running install_data
[2.248s] running install_egg_info
[2.273s] removing '/home/vboxuser/Downloads/ros2_ws/install/car_pkg/lib/python3.12/site-packages/car_pkg-0.0.1-py3.12.egg-info' (and everything under it)
[2.274s] Copying ../../build/car_pkg/car_pkg.egg-info to /home/vboxuser/Downloads/ros2_ws/install/car_pkg/lib/python3.12/site-packages/car_pkg-0.0.1-py3.12.egg-info
[2.276s] running install_scripts
[2.422s] Installing car_controller script to /home/vboxuser/Downloads/ros2_ws/install/car_pkg/lib/car_pkg
[2.424s] Installing lane_controller script to /home/vboxuser/Downloads/ros2_ws/install/car_pkg/lib/car_pkg
[2.425s] Installing sign_detector script to /home/vboxuser/Downloads/ros2_ws/install/car_pkg/lib/car_pkg
[2.425s] writing list of installed files to '/home/vboxuser/Downloads/ros2_ws/build/car_pkg/install.log'
[2.448s] Invoked command in '/home/vboxuser/Downloads/ros2_ws/src/car_pkg' returned '0': DEBUGINFOD_URLS=https://debuginfod.ubuntu.com PYTHONPATH=/home/vboxuser/Downloads/ros2_ws/build/car_pkg/prefix_override:/usr/lib/python3/dist-packages/colcon_core/task/python/colcon_distutils_commands:/home/vboxuser/Downloads/ros2_ws/install/car_pkg/lib/python3.12/site-packages:${PYTHONPATH} /usr/bin/python3 -W ignore:setup.py install is deprecated -W ignore:easy_install command is deprecated setup.py egg_info --egg-base ../../build/car_pkg build --build-base /home/vboxuser/Downloads/ros2_ws/build/car_pkg/build install --record /home/vboxuser/Downloads/ros2_ws/build/car_pkg/install.log --single-version-externally-managed install_data
