[1.250s] Invoking command in '/home/vboxuser/Downloads/ros2_ws/src/car_pkg': DEBUGINFOD_URLS=https://debuginfod.ubuntu.com PYTHONPATH=/home/vboxuser/Downloads/ros2_ws/build/car_pkg/prefix_override:/usr/lib/python3/dist-packages/colcon_core/task/python/colcon_distutils_commands:/home/vboxuser/Downloads/ros2_ws/install/car_pkg/lib/python3.12/site-packages: /usr/bin/python3 -W ignore:setup.py install is deprecated -W ignore:easy_install command is deprecated setup.py egg_info --egg-base ../../build/car_pkg build --build-base /home/vboxuser/Downloads/ros2_ws/build/car_pkg/build install --record /home/vboxuser/Downloads/ros2_ws/build/car_pkg/install.log --single-version-externally-managed install_data
[1.469s] running egg_info
[1.482s] writing ../../build/car_pkg/car_pkg.egg-info/PKG-INFO
[1.483s] writing dependency_links to ../../build/car_pkg/car_pkg.egg-info/dependency_links.txt
[1.484s] writing entry points to ../../build/car_pkg/car_pkg.egg-info/entry_points.txt
[1.484s] writing requirements to ../../build/car_pkg/car_pkg.egg-info/requires.txt
[1.485s] writing top-level names to ../../build/car_pkg/car_pkg.egg-info/top_level.txt
[1.511s] reading manifest file '../../build/car_pkg/car_pkg.egg-info/SOURCES.txt'
[1.512s] writing manifest file '../../build/car_pkg/car_pkg.egg-info/SOURCES.txt'
[1.513s] running build
[1.514s] running build_py
[1.514s] creating /home/vboxuser/Downloads/ros2_ws/build/car_pkg/build
[1.514s] creating /home/vboxuser/Downloads/ros2_ws/build/car_pkg/build/lib
[1.514s] creating /home/vboxuser/Downloads/ros2_ws/build/car_pkg/build/lib/car_pkg
[1.514s] copying car_pkg/__init__.py -> /home/vboxuser/Downloads/ros2_ws/build/car_pkg/build/lib/car_pkg
[1.514s] copying car_pkg/sign_detector.py -> /home/vboxuser/Downloads/ros2_ws/build/car_pkg/build/lib/car_pkg
[1.514s] copying car_pkg/lane_controller.py -> /home/vboxuser/Downloads/ros2_ws/build/car_pkg/build/lib/car_pkg
[1.514s] copying car_pkg/car_controller.py -> /home/vboxuser/Downloads/ros2_ws/build/car_pkg/build/lib/car_pkg
[1.514s] running install
[1.520s] running install_lib
[1.534s] creating /home/vboxuser/Downloads/ros2_ws/install/car_pkg/lib/python3.12/site-packages/car_pkg
[1.534s] copying /home/vboxuser/Downloads/ros2_ws/build/car_pkg/build/lib/car_pkg/__init__.py -> /home/vboxuser/Downloads/ros2_ws/install/car_pkg/lib/python3.12/site-packages/car_pkg
[1.534s] copying /home/vboxuser/Downloads/ros2_ws/build/car_pkg/build/lib/car_pkg/sign_detector.py -> /home/vboxuser/Downloads/ros2_ws/install/car_pkg/lib/python3.12/site-packages/car_pkg
[1.535s] copying /home/vboxuser/Downloads/ros2_ws/build/car_pkg/build/lib/car_pkg/lane_controller.py -> /home/vboxuser/Downloads/ros2_ws/install/car_pkg/lib/python3.12/site-packages/car_pkg
[1.535s] copying /home/vboxuser/Downloads/ros2_ws/build/car_pkg/build/lib/car_pkg/car_controller.py -> /home/vboxuser/Downloads/ros2_ws/install/car_pkg/lib/python3.12/site-packages/car_pkg
[1.536s] byte-compiling /home/vboxuser/Downloads/ros2_ws/install/car_pkg/lib/python3.12/site-packages/car_pkg/__init__.py to __init__.cpython-312.pyc
[1.536s] byte-compiling /home/vboxuser/Downloads/ros2_ws/install/car_pkg/lib/python3.12/site-packages/car_pkg/sign_detector.py to sign_detector.cpython-312.pyc
[1.536s] byte-compiling /home/vboxuser/Downloads/ros2_ws/install/car_pkg/lib/python3.12/site-packages/car_pkg/lane_controller.py to lane_controller.cpython-312.pyc
[1.538s] byte-compiling /home/vboxuser/Downloads/ros2_ws/install/car_pkg/lib/python3.12/site-packages/car_pkg/car_controller.py to car_controller.cpython-312.pyc
[1.539s] running install_data
[1.539s] running install_egg_info
[1.554s] Copying ../../build/car_pkg/car_pkg.egg-info to /home/vboxuser/Downloads/ros2_ws/install/car_pkg/lib/python3.12/site-packages/car_pkg-0.0.1-py3.12.egg-info
[1.555s] running install_scripts
[1.657s] Installing car_controller script to /home/vboxuser/Downloads/ros2_ws/install/car_pkg/lib/car_pkg
[1.657s] Installing lane_controller script to /home/vboxuser/Downloads/ros2_ws/install/car_pkg/lib/car_pkg
[1.658s] Installing sign_detector script to /home/vboxuser/Downloads/ros2_ws/install/car_pkg/lib/car_pkg
[1.659s] writing list of installed files to '/home/vboxuser/Downloads/ros2_ws/build/car_pkg/install.log'
[1.681s] Invoked command in '/home/vboxuser/Downloads/ros2_ws/src/car_pkg' returned '0': DEBUGINFOD_URLS=https://debuginfod.ubuntu.com PYTHONPATH=/home/vboxuser/Downloads/ros2_ws/build/car_pkg/prefix_override:/usr/lib/python3/dist-packages/colcon_core/task/python/colcon_distutils_commands:/home/vboxuser/Downloads/ros2_ws/install/car_pkg/lib/python3.12/site-packages: /usr/bin/python3 -W ignore:setup.py install is deprecated -W ignore:easy_install command is deprecated setup.py egg_info --egg-base ../../build/car_pkg build --build-base /home/vboxuser/Downloads/ros2_ws/build/car_pkg/build install --record /home/vboxuser/Downloads/ros2_ws/build/car_pkg/install.log --single-version-externally-managed install_data
