[0.783s] Invoking command in '/home/vboxuser/Downloads/ros2_ws/src/car_pkg': DEBUGINFOD_URLS=https://debuginfod.ubuntu.com PYTHONPATH=/home/vboxuser/Downloads/ros2_ws/build/car_pkg/prefix_override:/usr/lib/python3/dist-packages/colcon_core/task/python/colcon_distutils_commands:/home/vboxuser/Downloads/ros2_ws/install/car_pkg/lib/python3.12/site-packages:${PYTHONPATH} /usr/bin/python3 -W ignore:setup.py install is deprecated -W ignore:easy_install command is deprecated setup.py egg_info --egg-base ../../build/car_pkg build --build-base /home/vboxuser/Downloads/ros2_ws/build/car_pkg/build install --record /home/vboxuser/Downloads/ros2_ws/build/car_pkg/install.log --single-version-externally-managed install_data
[1.062s] running egg_info
[1.091s] writing ../../build/car_pkg/car_pkg.egg-info/PKG-INFO
[1.091s] writing dependency_links to ../../build/car_pkg/car_pkg.egg-info/dependency_links.txt
[1.091s] writing entry points to ../../build/car_pkg/car_pkg.egg-info/entry_points.txt
[1.091s] writing requirements to ../../build/car_pkg/car_pkg.egg-info/requires.txt
[1.091s] writing top-level names to ../../build/car_pkg/car_pkg.egg-info/top_level.txt
[1.130s] reading manifest file '../../build/car_pkg/car_pkg.egg-info/SOURCES.txt'
[1.131s] writing manifest file '../../build/car_pkg/car_pkg.egg-info/SOURCES.txt'
[1.132s] running build
[1.132s] running build_py
[1.132s] copying car_pkg/lane_controller.py -> /home/vboxuser/Downloads/ros2_ws/build/car_pkg/build/lib/car_pkg
[1.132s] running install
[1.137s] running install_lib
[1.156s] copying /home/vboxuser/Downloads/ros2_ws/build/car_pkg/build/lib/car_pkg/lane_controller.py -> /home/vboxuser/Downloads/ros2_ws/install/car_pkg/lib/python3.12/site-packages/car_pkg
[1.157s] byte-compiling /home/vboxuser/Downloads/ros2_ws/install/car_pkg/lib/python3.12/site-packages/car_pkg/lane_controller.py to lane_controller.cpython-312.pyc
[1.158s] running install_data
[1.159s] running install_egg_info
[1.180s] removing '/home/vboxuser/Downloads/ros2_ws/install/car_pkg/lib/python3.12/site-packages/car_pkg-0.0.1-py3.12.egg-info' (and everything under it)
[1.180s] Copying ../../build/car_pkg/car_pkg.egg-info to /home/vboxuser/Downloads/ros2_ws/install/car_pkg/lib/python3.12/site-packages/car_pkg-0.0.1-py3.12.egg-info
[1.181s] running install_scripts
[1.312s] Installing car_controller script to /home/vboxuser/Downloads/ros2_ws/install/car_pkg/lib/car_pkg
[1.312s] Installing lane_controller script to /home/vboxuser/Downloads/ros2_ws/install/car_pkg/lib/car_pkg
[1.312s] Installing sign_detector script to /home/vboxuser/Downloads/ros2_ws/install/car_pkg/lib/car_pkg
[1.313s] writing list of installed files to '/home/vboxuser/Downloads/ros2_ws/build/car_pkg/install.log'
[1.334s] Invoked command in '/home/vboxuser/Downloads/ros2_ws/src/car_pkg' returned '0': DEBUGINFOD_URLS=https://debuginfod.ubuntu.com PYTHONPATH=/home/vboxuser/Downloads/ros2_ws/build/car_pkg/prefix_override:/usr/lib/python3/dist-packages/colcon_core/task/python/colcon_distutils_commands:/home/vboxuser/Downloads/ros2_ws/install/car_pkg/lib/python3.12/site-packages:${PYTHONPATH} /usr/bin/python3 -W ignore:setup.py install is deprecated -W ignore:easy_install command is deprecated setup.py egg_info --egg-base ../../build/car_pkg build --build-base /home/vboxuser/Downloads/ros2_ws/build/car_pkg/build install --record /home/vboxuser/Downloads/ros2_ws/build/car_pkg/install.log --single-version-externally-managed install_data
