[0.847s] Invoking command in '/home/vboxuser/Downloads/ros2_ws/src/car_pkg': DEBUGINFOD_URLS=https://debuginfod.ubuntu.com PYTHONPATH=/home/vboxuser/Downloads/ros2_ws/build/car_pkg/prefix_override:/usr/lib/python3/dist-packages/colcon_core/task/python/colcon_distutils_commands:/home/vboxuser/Downloads/ros2_ws/install/car_pkg/lib/python3.12/site-packages:${PYTHONPATH} /usr/bin/python3 -W ignore:setup.py install is deprecated -W ignore:easy_install command is deprecated setup.py egg_info --egg-base ../../build/car_pkg build --build-base /home/vboxuser/Downloads/ros2_ws/build/car_pkg/build install --record /home/vboxuser/Downloads/ros2_ws/build/car_pkg/install.log --single-version-externally-managed install_data
[1.114s] running egg_info
[1.143s] writing ../../build/car_pkg/car_pkg.egg-info/PKG-INFO
[1.145s] writing dependency_links to ../../build/car_pkg/car_pkg.egg-info/dependency_links.txt
[1.145s] writing entry points to ../../build/car_pkg/car_pkg.egg-info/entry_points.txt
[1.145s] writing requirements to ../../build/car_pkg/car_pkg.egg-info/requires.txt
[1.145s] writing top-level names to ../../build/car_pkg/car_pkg.egg-info/top_level.txt
[1.184s] reading manifest file '../../build/car_pkg/car_pkg.egg-info/SOURCES.txt'
[1.185s] writing manifest file '../../build/car_pkg/car_pkg.egg-info/SOURCES.txt'
[1.186s] running build
[1.186s] running build_py
[1.186s] copying car_pkg/lane_controller.py -> /home/vboxuser/Downloads/ros2_ws/build/car_pkg/build/lib/car_pkg
[1.186s] running install
[1.192s] running install_lib
[1.213s] copying /home/vboxuser/Downloads/ros2_ws/build/car_pkg/build/lib/car_pkg/lane_controller.py -> /home/vboxuser/Downloads/ros2_ws/install/car_pkg/lib/python3.12/site-packages/car_pkg
[1.215s] byte-compiling /home/vboxuser/Downloads/ros2_ws/install/car_pkg/lib/python3.12/site-packages/car_pkg/lane_controller.py to lane_controller.cpython-312.pyc
[1.217s] running install_data
[1.217s] running install_egg_info
[1.242s] removing '/home/vboxuser/Downloads/ros2_ws/install/car_pkg/lib/python3.12/site-packages/car_pkg-0.0.1-py3.12.egg-info' (and everything under it)
[1.243s] Copying ../../build/car_pkg/car_pkg.egg-info to /home/vboxuser/Downloads/ros2_ws/install/car_pkg/lib/python3.12/site-packages/car_pkg-0.0.1-py3.12.egg-info
[1.245s] running install_scripts
[1.389s] Installing car_controller script to /home/vboxuser/Downloads/ros2_ws/install/car_pkg/lib/car_pkg
[1.389s] Installing lane_controller script to /home/vboxuser/Downloads/ros2_ws/install/car_pkg/lib/car_pkg
[1.391s] Installing sign_detector script to /home/vboxuser/Downloads/ros2_ws/install/car_pkg/lib/car_pkg
[1.391s] writing list of installed files to '/home/vboxuser/Downloads/ros2_ws/build/car_pkg/install.log'
[1.413s] Invoked command in '/home/vboxuser/Downloads/ros2_ws/src/car_pkg' returned '0': DEBUGINFOD_URLS=https://debuginfod.ubuntu.com PYTHONPATH=/home/vboxuser/Downloads/ros2_ws/build/car_pkg/prefix_override:/usr/lib/python3/dist-packages/colcon_core/task/python/colcon_distutils_commands:/home/vboxuser/Downloads/ros2_ws/install/car_pkg/lib/python3.12/site-packages:${PYTHONPATH} /usr/bin/python3 -W ignore:setup.py install is deprecated -W ignore:easy_install command is deprecated setup.py egg_info --egg-base ../../build/car_pkg build --build-base /home/vboxuser/Downloads/ros2_ws/build/car_pkg/build install --record /home/vboxuser/Downloads/ros2_ws/build/car_pkg/install.log --single-version-externally-managed install_data
